31/01/18-18:29:10	#############################################################
31/01/18-18:29:10	Appel $METH_ECHOS_EXPORTWEB/scripts/genere_images.sh WEB /methode/meth01/mnt/tomcat/methode_share/export/export_XML/20180131_WEB2WEB/3.0.1206198777/graphiques/image_03.0.1231187339_.JPEG /methode/meth01/mnt/tomcat/methode_share/export/export_XML/20180131_WEB2WEB/3.0.1206198777/graphiques/ /Production/LesEchos/Illustrations/PME Regions/Innovateurs/vaxinano-web.jpg
                 	Export de Type WEB2WEB
                 	REP_CACHE=/methode/meth01/mnt/tomcat/methode_share/export/export_XML/20180131_WEB2WEB/CACHE_IMAGES ($METH_EXPORT_XML/20180131_WEB2WEB/CACHE_IMAGES)
                 	TYPE_EXPORT=WEB2WEB
                 	TYPE_TRT=WEB
                 	IMAGEREF=image_03.0.1231187339_.JPEG (0301231187339)
                 	TYPE_FICHIER=<JPEG>
                 	TYPE_TRT=WEB
                 	IS_INFOGRAPHIE=NON
                 	
                 	
                 	##
31/01/18-18:29:10	### Traite_un JPEG  image_03.0.1231187339_.JPEG
                 	##
                 	
                 	
                 	CopieFic : /methode/meth01/mnt/tomcat/methode_share/export/export_XML/20180131_WEB2WEB/3.0.1206198777/graphiques/image_03.0.1231187339_.JPEG -> /methode/meth01/mnt/tomcat/methode_share/export/export_XML/20180131_WEB2WEB/3.0.1206198777/graphiques//0301231187339_print.jpg (WEB/basis -jpeg)
                 	CopieFic /methode/meth01/mnt/tomcat/methode_share/export/export_XML/20180131_WEB2WEB/3.0.1206198777/graphiques/image_03.0.1231187339_.JPEG -> /methode/meth01/mnt/tomcat/methode_share/export/export_XML/20180131_WEB2WEB/3.0.1206198777/graphiques//0301231187339_print.jpg deja existant (WEB -jpeg)
                 	FICHIER_A_TRAITER=/methode/meth01/mnt/tomcat/methode_share/export/export_XML/20180131_WEB2WEB/3.0.1206198777/graphiques/image_03.0.1231187339_.JPEG=> HxL=704|1320|240.00|240.00
                 	LARG=1320
                 	LARG (1320) -ge 1000, on genere un format web_tete
                 	image_03.0.1231187339_.JPEG => H=704 x L=1320 RES=240.00x240.00 px/pouce
                 	LARGEUR_PX_WEB=620
                 	LARGEUR_PX_ECWEWEB=1000
                 	LARGEUR_PX_DOC=1000
                 	LARGEUR_PX_WEB_TETE=1000
                 	##
31/01/18-18:29:10	### Genere_Images a partir de image_03.0.1231187339_.JPEG (Trt=WEB)
                 	##
31/01/18-18:29:10	wait 11524 11525 11526
                 	==> 1 - Genere_Image doc pour image_03.0.1231187339_.JPEG (SIZE=1000,0), [CROP=]
                 	==> 1 - Genere_Image web_tete pour image_03.0.1231187339_.JPEG (SIZE=1000,0), [CROP=]
                 	$METH_EXPORT_XML/20180131_WEB2WEB/CACHE_IMAGES/0301231187339_doc.jpg dans le cache ?
31/01/18-18:29:10	C'est une photo. On met une qualite de 55
                 	$METH_EXPORT_XML/20180131_WEB2WEB/CACHE_IMAGES/0301231187339_web_tete.jpg dans le cache ?
                 	==> 1 - Genere_Image web pour image_03.0.1231187339_.JPEG (SIZE=620,0), [CROP=]
                 	imgtool -dotgain 20 -ctype RGB -profile /methode/common/imgtool/Photoshop5DefaultCMYK.icc -qual 100 -res /methode/meth01/mnt/tomcat/methode_share/export/export_XML/20180131_WEB2WEB/3.0.1206198777/graphiques/image_03.0.1231187339_.JPEG00 -ftype jpeg -size 1000,0 /methode/meth01/mnt/tomcat/methode_share/export/export_XML/20180131_WEB2WEB/3.0.1206198777/graphiques/image_03.0.1231187339_.JPEG  /methode/meth01/mnt/tomcat/methode_share/export/export_XML/20180131_WEB2WEB/3.0.1206198777/graphiques//0301231187339_doc.jpg
                 	imgtool -dotgain 20 -ctype RGB -profile /methode/common/imgtool/Photoshop5DefaultCMYK.icc -qual 90 -res 72 -ftype jpeg -size 1000,0 /methode/meth01/mnt/tomcat/methode_share/export/export_XML/20180131_WEB2WEB/3.0.1206198777/graphiques/image_03.0.1231187339_.JPEG  /methode/meth01/mnt/tomcat/methode_share/export/export_XML/20180131_WEB2WEB/3.0.1206198777/graphiques//0301231187339_web_tete.jpg
                 	$METH_EXPORT_XML/20180131_WEB2WEB/CACHE_IMAGES/0301231187339_web.jpg dans le cache ?
                 	imgtool -dotgain 20 -ctype RGB -profile /methode/common/imgtool/Photoshop5DefaultCMYK.icc -qual 55 -res 72 -ftype jpeg -size 620,0 /methode/meth01/mnt/tomcat/methode_share/export/export_XML/20180131_WEB2WEB/3.0.1206198777/graphiques/image_03.0.1231187339_.JPEG  /methode/meth01/mnt/tomcat/methode_share/export/export_XML/20180131_WEB2WEB/3.0.1206198777/graphiques//0301231187339_web.jpg
                 	COPIE CACHE cp -p /methode/meth01/mnt/tomcat/methode_share/export/export_XML/20180131_WEB2WEB/3.0.1206198777/graphiques//0301231187339_web.jpg $METH_EXPORT_XML/20180131_WEB2WEB/CACHE_IMAGES
                 	COPIE CACHE cp -p /methode/meth01/mnt/tomcat/methode_share/export/export_XML/20180131_WEB2WEB/3.0.1206198777/graphiques//0301231187339_web_tete.jpg $METH_EXPORT_XML/20180131_WEB2WEB/CACHE_IMAGES
                 	COPIE CACHE cp -p /methode/meth01/mnt/tomcat/methode_share/export/export_XML/20180131_WEB2WEB/3.0.1206198777/graphiques//0301231187339_doc.jpg $METH_EXPORT_XML/20180131_WEB2WEB/CACHE_IMAGES
31/01/18-18:29:10	Fin de genere_images.sh [18:29.10 - 18:29.10] (SUCCES)
