31/01/18-09:31:37	#############################################################
31/01/18-09:31:37	Appel $METH_ECHOS_EXPORTWEB/scripts/genere_images.sh WEB /methode/meth01/mnt/tomcat/methode_share/export/export_XML/20180131_WEB2WEB/3.0.1206363825/graphiques/image_03.0.1207155898_.JPEG /methode/meth01/mnt/tomcat/methode_share/export/export_XML/20180131_WEB2WEB/3.0.1206363825/graphiques/ /Production/LesEchos/Illustrations/High-tech - Médias/Ecole primaire-AFP.jpg
                 	Export de Type WEB2WEB
                 	REP_CACHE=/methode/meth01/mnt/tomcat/methode_share/export/export_XML/20180131_WEB2WEB/CACHE_IMAGES ($METH_EXPORT_XML/20180131_WEB2WEB/CACHE_IMAGES)
                 	TYPE_EXPORT=WEB2WEB
                 	TYPE_TRT=WEB
                 	IMAGEREF=image_03.0.1207155898_.JPEG (0301207155898)
                 	TYPE_FICHIER=<JPEG>
                 	TYPE_TRT=WEB
                 	IS_INFOGRAPHIE=NON
                 	
                 	
                 	##
31/01/18-09:31:37	### Traite_un JPEG  image_03.0.1207155898_.JPEG
                 	##
                 	
                 	
                 	CopieFic : /methode/meth01/mnt/tomcat/methode_share/export/export_XML/20180131_WEB2WEB/3.0.1206363825/graphiques/image_03.0.1207155898_.JPEG -> /methode/meth01/mnt/tomcat/methode_share/export/export_XML/20180131_WEB2WEB/3.0.1206363825/graphiques//0301207155898_print.jpg (WEB/basis -jpeg)
                 	CopieFic /methode/meth01/mnt/tomcat/methode_share/export/export_XML/20180131_WEB2WEB/3.0.1206363825/graphiques/image_03.0.1207155898_.JPEG -> /methode/meth01/mnt/tomcat/methode_share/export/export_XML/20180131_WEB2WEB/3.0.1206363825/graphiques//0301207155898_print.jpg deja existant (WEB -jpeg)
                 	FICHIER_A_TRAITER=/methode/meth01/mnt/tomcat/methode_share/export/export_XML/20180131_WEB2WEB/3.0.1206363825/graphiques/image_03.0.1207155898_.JPEG=> HxL=3712|5568|72.00|72.00
                 	LARG=5568
                 	LARG (5568) -ge 1000, on genere un format web_tete
                 	image_03.0.1207155898_.JPEG => H=3712 x L=5568 RES=72.00x72.00 px/pouce
                 	LARGEUR_PX_WEB=620
                 	LARGEUR_PX_ECWEWEB=1000
                 	LARGEUR_PX_DOC=1000
                 	LARGEUR_PX_WEB_TETE=1000
                 	##
31/01/18-09:31:38	### Genere_Images a partir de image_03.0.1207155898_.JPEG (Trt=WEB)
                 	##
31/01/18-09:31:38	wait 30073 30074 30081
                 	==> 1 - Genere_Image doc pour image_03.0.1207155898_.JPEG (SIZE=1000,0), [CROP=]
                 	==> 1 - Genere_Image web_tete pour image_03.0.1207155898_.JPEG (SIZE=1000,0), [CROP=]
31/01/18-09:31:38	C'est une photo. On met une qualite de 55
                 	$METH_EXPORT_XML/20180131_WEB2WEB/CACHE_IMAGES/0301207155898_doc.jpg dans le cache ?
                 	$METH_EXPORT_XML/20180131_WEB2WEB/CACHE_IMAGES/0301207155898_web_tete.jpg dans le cache ?
                 	==> 1 - Genere_Image web pour image_03.0.1207155898_.JPEG (SIZE=620,0), [CROP=]
                 	imgtool -dotgain 20 -ctype RGB -profile /methode/common/imgtool/Photoshop5DefaultCMYK.icc -qual 100 -res /methode/meth01/mnt/tomcat/methode_share/export/export_XML/20180131_WEB2WEB/3.0.1206363825/graphiques/image_03.0.1207155898_.JPEG00 -ftype jpeg -size 1000,0 /methode/meth01/mnt/tomcat/methode_share/export/export_XML/20180131_WEB2WEB/3.0.1206363825/graphiques/image_03.0.1207155898_.JPEG  /methode/meth01/mnt/tomcat/methode_share/export/export_XML/20180131_WEB2WEB/3.0.1206363825/graphiques//0301207155898_doc.jpg
                 	imgtool -dotgain 20 -ctype RGB -profile /methode/common/imgtool/Photoshop5DefaultCMYK.icc -qual 90 -res 72 -ftype jpeg -size 1000,0 /methode/meth01/mnt/tomcat/methode_share/export/export_XML/20180131_WEB2WEB/3.0.1206363825/graphiques/image_03.0.1207155898_.JPEG  /methode/meth01/mnt/tomcat/methode_share/export/export_XML/20180131_WEB2WEB/3.0.1206363825/graphiques//0301207155898_web_tete.jpg
                 	$METH_EXPORT_XML/20180131_WEB2WEB/CACHE_IMAGES/0301207155898_web.jpg dans le cache ?
                 	imgtool -dotgain 20 -ctype RGB -profile /methode/common/imgtool/Photoshop5DefaultCMYK.icc -qual 55 -res 72 -ftype jpeg -size 620,0 /methode/meth01/mnt/tomcat/methode_share/export/export_XML/20180131_WEB2WEB/3.0.1206363825/graphiques/image_03.0.1207155898_.JPEG  /methode/meth01/mnt/tomcat/methode_share/export/export_XML/20180131_WEB2WEB/3.0.1206363825/graphiques//0301207155898_web.jpg
                 	COPIE CACHE cp -p /methode/meth01/mnt/tomcat/methode_share/export/export_XML/20180131_WEB2WEB/3.0.1206363825/graphiques//0301207155898_doc.jpg $METH_EXPORT_XML/20180131_WEB2WEB/CACHE_IMAGES
                 	COPIE CACHE cp -p /methode/meth01/mnt/tomcat/methode_share/export/export_XML/20180131_WEB2WEB/3.0.1206363825/graphiques//0301207155898_web.jpg $METH_EXPORT_XML/20180131_WEB2WEB/CACHE_IMAGES
                 	COPIE CACHE cp -p /methode/meth01/mnt/tomcat/methode_share/export/export_XML/20180131_WEB2WEB/3.0.1206363825/graphiques//0301207155898_web_tete.jpg $METH_EXPORT_XML/20180131_WEB2WEB/CACHE_IMAGES
31/01/18-09:31:38	Fin de genere_images.sh [09:31.37 - 09:31.38] (SUCCES)
